\BOOKMARK [1][-]{section.1}{\376\377\000V\000i\000g\000e\000n\000e\000r\000e\000P\000l\000u\000s\000\040\000\050\000E\000l\000i\000a\000s\000\040\000D\000a\000m\000s\000\051}{}% 1
\BOOKMARK [2][-]{subsection.1.1}{\376\377\000A\000b\000o\000u\000t}{section.1}% 2
\BOOKMARK [2][-]{subsection.1.2}{\376\377\000S\000i\000n\000g\000l\000e\000-\000c\000o\000l\000u\000m\000n\000\040\000t\000r\000a\000n\000s\000p\000o\000s\000i\000t\000i\000o\000n}{section.1}% 3
\BOOKMARK [2][-]{subsection.1.3}{\376\377\000V\000i\000g\000e\000n\000\350\000r\000e}{section.1}% 4
\BOOKMARK [1][-]{section.2}{\376\377\000P\000l\000a\000y\000f\000a\000i\000r\000\040\000\050\000R\000o\000b\000b\000e\000\040\000N\000o\000o\000y\000e\000n\000s\000\051}{}% 5
\BOOKMARK [2][-]{subsection.2.1}{\376\377\000P\000r\000e\000p\000a\000r\000a\000t\000i\000o\000n}{section.2}% 6
\BOOKMARK [2][-]{subsection.2.2}{\376\377\000A\000p\000p\000r\000o\000a\000c\000h\000\040\0001\000:\000\040\000B\000r\000u\000t\000e\000f\000o\000r\000c\000e\000\040\000a\000l\000l\000\040\000p\000e\000r\000m\000u\000t\000a\000t\000i\000o\000n\000s}{section.2}% 7
\BOOKMARK [2][-]{subsection.2.3}{\376\377\000A\000p\000p\000r\000o\000a\000c\000h\000\040\0002\000:\000\040\000G\000e\000n\000e\000r\000a\000t\000e\000\040\000k\000e\000y\000s\000\040\000f\000r\000o\000m\000\040\000a\000\040\000d\000i\000c\000t\000i\000o\000n\000a\000r\000y}{section.2}% 8
\BOOKMARK [2][-]{subsection.2.4}{\376\377\000A\000p\000p\000r\000o\000a\000c\000h\000\040\0003\000:\000\040\000H\000i\000l\000l\000c\000l\000i\000m\000b\000i\000n\000g\000\040\000w\000i\000t\000h\000\040\000M\000S\000E}{section.2}% 9
\BOOKMARK [2][-]{subsection.2.5}{\376\377\000A\000p\000p\000r\000o\000a\000c\000h\000\040\0004\000:\000\040\000S\000i\000m\000u\000l\000a\000t\000e\000d\000\040\000a\000n\000n\000e\000a\000l\000i\000n\000g\000\040\000w\000i\000t\000h\000\040\000M\000S\000E}{section.2}% 10
\BOOKMARK [2][-]{subsection.2.6}{\376\377\000A\000p\000p\000r\000o\000a\000c\000h\000\040\0005\000:\000\040\000S\000i\000m\000u\000l\000a\000t\000e\000d\000\040\000a\000n\000n\000e\000a\000l\000i\000n\000g\000\040\000w\000i\000t\000h\000\040\000i\000n\000d\000e\000x\000\040\000o\000f\000\040\000c\000o\000i\000n\000c\000i\000d\000e\000n\000c\000e}{section.2}% 11
\BOOKMARK [2][-]{subsection.2.7}{\376\377\000A\000p\000p\000r\000o\000a\000c\000h\000\040\0006\000:\000\040\000S\000i\000m\000u\000l\000a\000t\000e\000d\000\040\000a\000n\000n\000e\000a\000l\000i\000n\000g\000\040\000w\000i\000t\000h\000\040\000l\000o\000g\000-\000q\000u\000a\000d\000\040\000t\000e\000s\000t}{section.2}% 12
\BOOKMARK [1][-]{section.3}{\376\377\000E\000n\000i\000g\000m\000a\000\040\000\050\000C\000\351\000d\000r\000i\000c\000\040\000L\000e\000c\000l\000e\000r\000c\000q\000\051}{}% 13
\BOOKMARK [2][-]{subsection.3.1}{\376\377\000S\000e\000t\000t\000i\000n\000g\000\040\000u\000p\000\040\000t\000h\000e\000\040\000c\000r\000i\000b\000\040\000g\000r\000a\000p\000h}{section.3}% 14
\BOOKMARK [2][-]{subsection.3.2}{\376\377\000L\000o\000o\000p\000i\000n\000g\000\040\000w\000i\000t\000h\000\040\000t\000h\000e\000\040\000k\000\040\000g\000r\000a\000p\000h}{section.3}% 15
\BOOKMARK [2][-]{subsection.3.3}{\376\377\000E\000v\000a\000l\000u\000a\000t\000i\000n\000g\000\040\000k\000\040\000a\000l\000s\000\040\000a\000\040\000p\000e\000r\000m\000u\000t\000a\000t\000i\000o\000n\000\040\000g\000r\000a\000p\000h}{section.3}% 16
\BOOKMARK [2][-]{subsection.3.4}{\376\377\000T\000r\000o\000u\000b\000l\000e\000s\000\040\000w\000i\000t\000h\000\040\000\040\000c\000a\000u\000s\000e\000s\000\040\000s\000o\000l\000v\000i\000n\000g\000\040\000w\000i\000t\000h\000\040\000b\000r\000u\000t\000e\000\040\000f\000o\000r\000c\000e}{section.3}% 17
\BOOKMARK [1][-]{section.4}{\376\377\000A\000D\000F\000G\000V\000X\000\040\000\050\000W\000h\000o\000l\000e\000\040\000g\000r\000o\000u\000p\000\051}{}% 18
\BOOKMARK [2][-]{subsection.4.1}{\376\377\000A\000b\000o\000u\000t}{section.4}% 19
\BOOKMARK [2][-]{subsection.4.2}{\376\377\000S\000i\000n\000g\000l\000e\000-\000c\000o\000l\000u\000m\000n\000\040\000t\000r\000a\000n\000s\000p\000o\000s\000i\000t\000i\000o\000n}{section.4}% 20
\BOOKMARK [2][-]{subsection.4.3}{\376\377\000M\000a\000n\000u\000e\000l\000\040\000s\000o\000l\000u\000t\000i\000o\000n}{section.4}% 21
\BOOKMARK [1][-]{section.5}{\376\377\000P\000l\000a\000i\000n\000t\000e\000x\000t\000\040\000S\000o\000l\000u\000t\000i\000o\000n\000s}{}% 22
\BOOKMARK [2][-]{subsection.5.1}{\376\377\000V\000i\000g\000e\000n\000e\000r\000e\000P\000l\000u\000s}{section.5}% 23
\BOOKMARK [2][-]{subsection.5.2}{\376\377\000P\000l\000a\000y\000f\000a\000i\000r}{section.5}% 24
\BOOKMARK [2][-]{subsection.5.3}{\376\377\000E\000n\000i\000g\000m\000a}{section.5}% 25
\BOOKMARK [2][-]{subsection.5.4}{\376\377\000A\000D\000F\000G\000V\000X}{section.5}% 26
